2015-03-21 15:14:46.569 ihaveaname[1283:30133] DiskCookieStorage changing policy from 2 to 0, cookie file: file:///Users/Derek/Library/Developer/CoreSimulator/Devices/43C03A42-22CE-4B6D-A52F-2215D8A02165/data/Containers/Data/Application/93FD0C61-D760-4D6F-8C9D-48999453000D/Library/Cookies/Cookies.binarycookies
2015-03-21 15:14:46.895 ihaveaname[1283:30133] Apache Cordova native platform version 3.8.0 is starting.
2015-03-21 15:14:46.896 ihaveaname[1283:30133] Multi-tasking -> Device: YES, App: YES
2015-03-21 15:14:46.917 ihaveaname[1283:30133] Unlimited access to network resources
2015-03-21 15:14:47.297 ihaveaname[1283:30133] [CDVTimer][keyboard] 0.091016ms
2015-03-21 15:14:47.297 ihaveaname[1283:30133] [CDVTimer][TotalPluginStartup] 0.285983ms
2015-03-21 15:14:47.850 ihaveaname[1283:30133] Resetting plugins due to page load.
2015-03-21 15:14:48.142 ihaveaname[1283:30133] Finished load of: file:///Users/Derek/Library/Developer/CoreSimulator/Devices/43C03A42-22CE-4B6D-A52F-2215D8A02165/data/Containers/Bundle/Application/9736DA9F-5B99-46AB-A700-AEC90157F270/ihaveaname.app/www/index.html#/tab/dash
2015-03-21 15:28:51.964 ihaveaname[1666:35782] DiskCookieStorage changing policy from 2 to 0, cookie file: file:///Users/Derek/Library/Developer/CoreSimulator/Devices/43C03A42-22CE-4B6D-A52F-2215D8A02165/data/Containers/Data/Application/EB231445-2FB9-4F61-B082-68CEED752569/Library/Cookies/Cookies.binarycookies
2015-03-21 15:28:52.075 ihaveaname[1666:35782] Apache Cordova native platform version 3.8.0 is starting.
2015-03-21 15:28:52.075 ihaveaname[1666:35782] Multi-tasking -> Device: YES, App: YES
2015-03-21 15:28:52.078 ihaveaname[1666:35782] Unlimited access to network resources
2015-03-21 15:28:52.182 ihaveaname[1666:35782] [CDVTimer][keyboard] 0.090003ms
2015-03-21 15:28:52.182 ihaveaname[1666:35782] [CDVTimer][TotalPluginStartup] 0.338018ms
2015-03-21 15:28:52.343 ihaveaname[1666:35782] Resetting plugins due to page load.
2015-03-21 15:28:52.652 ihaveaname[1666:35782] Finished load of: file:///Users/Derek/Library/Developer/CoreSimulator/Devices/43C03A42-22CE-4B6D-A52F-2215D8A02165/data/Containers/Bundle/Application/CA40B9A8-6C68-47A1-A14C-60964B95175F/ihaveaname.app/www/index.html#/tab/dash
2015-03-21 16:01:52.757 ihaveaname[818:9149] DiskCookieStorage changing policy from 2 to 0, cookie file: file:///Users/Derek/Library/Developer/CoreSimulator/Devices/43C03A42-22CE-4B6D-A52F-2215D8A02165/data/Containers/Data/Application/BB73F7EB-7031-4C51-8798-EC2D3A0B4DF9/Library/Cookies/Cookies.binarycookies
2015-03-21 16:01:53.033 ihaveaname[818:9149] Apache Cordova native platform version 3.8.0 is starting.
2015-03-21 16:01:53.034 ihaveaname[818:9149] Multi-tasking -> Device: YES, App: YES
2015-03-21 16:01:53.055 ihaveaname[818:9149] Unlimited access to network resources
2015-03-21 16:01:53.416 ihaveaname[818:9149] [CDVTimer][keyboard] 0.070035ms
2015-03-21 16:01:53.417 ihaveaname[818:9149] [CDVTimer][TotalPluginStartup] 0.248015ms
2015-03-21 16:01:53.715 ihaveaname[818:9149] Resetting plugins due to page load.
2015-03-21 16:01:54.012 ihaveaname[818:9149] Finished load of: file:///Users/Derek/Library/Developer/CoreSimulator/Devices/43C03A42-22CE-4B6D-A52F-2215D8A02165/data/Containers/Bundle/Application/9782DC8F-F04F-4BE9-BEC7-369B9845C54D/ihaveaname.app/www/index.html#/tab/dash
2015-03-21 16:01:55.024 ihaveaname[818:9149] zaphod [object Object]
2015-03-21 19:32:39.267 ihaveaname[2249:82459] DiskCookieStorage changing policy from 2 to 0, cookie file: file:///Users/Derek/Library/Developer/CoreSimulator/Devices/43C03A42-22CE-4B6D-A52F-2215D8A02165/data/Containers/Data/Application/6BEA73E1-69B7-4941-B228-AC015DF02410/Library/Cookies/Cookies.binarycookies
2015-03-21 19:32:39.557 ihaveaname[2249:82459] Apache Cordova native platform version 3.8.0 is starting.
2015-03-21 19:32:39.558 ihaveaname[2249:82459] Multi-tasking -> Device: YES, App: YES
2015-03-21 19:32:39.574 ihaveaname[2249:82459] Unlimited access to network resources
2015-03-21 19:32:39.929 ihaveaname[2249:82459] [CDVTimer][keyboard] 0.066996ms
2015-03-21 19:32:39.930 ihaveaname[2249:82459] [CDVTimer][TotalPluginStartup] 0.243962ms
2015-03-21 19:32:40.267 ihaveaname[2249:82459] Resetting plugins due to page load.
2015-03-21 19:32:40.566 ihaveaname[2249:82459] Finished load of: file:///Users/Derek/Library/Developer/CoreSimulator/Devices/43C03A42-22CE-4B6D-A52F-2215D8A02165/data/Containers/Bundle/Application/63369BB0-2CFF-48CC-8257-DD118750E9EC/ihaveaname.app/www/index.html#/tab/tweet
2015-03-21 19:32:41.220 ihaveaname[2249:82459] zaphod [object Object]
2015-03-21 19:32:43.358 ihaveaname[2249:82459] no modal
2015-03-21 19:32:45.062 ihaveaname[2249:82459] Want to get dirty? #rpgo #ihaveavoice goo.gl/X6Nyi7
